<?xml version="1.0" encoding="UTF-8"?>
<!-- Generated by org.testng.reporters.JUnitXMLReporter -->
<testsuite ignored="3" hostname="DESKTOP-ENGGCBP" failures="3" tests="28" name="firstSet" time="30.394" errors="0" timestamp="2024-02-11T16:02:14 IST">
  <testcase classname="testng.tests.HelperAttributes" name="logoff" time="0.006"/>
  <testcase classname="testng.tests.parameters" name="Login" time="0.0">
    <failure type="org.testng.TestNGException" message="
Parameter &amp;apos;un&amp;apos; is required by @Test on method Login but has not been marked @Optional or defined
in D:\SeleniumClass\Slenium\testng.xml">
      <![CDATA[org.testng.TestNGException: 
Parameter 'un' is required by @Test on method Login but has not been marked @Optional or defined
in D:\SeleniumClass\Slenium\testng.xml
at java.base/java.util.ArrayList.forEach(ArrayList.java:1511)
... Removed 26 stack frames]]>
    </failure>
  </testcase> <!-- Login -->
  <testcase classname="testng.tests.firstTest" name="add" time="0.003"/>
  <testcase classname="testng.tests.DependencyTest" name="addDP" time="0.001"/>
  <testcase classname="testng.tests.DependencyTest" name="addDP" time="0.002"/>
  <testcase classname="testng.tests.DependencyTest" name="addDP" time="0.002"/>
  <testcase classname="testng.tests.firstTest" name="delete" time="0.003"/>
  <testcase classname="testng.tests.firstTest" name="filter" time="0.001"/>
  <testcase classname="testng.tests.ParallelExecution" name="google" time="10.896"/>
  <testcase classname="testng.tests.ParallelExecution" name="google1" time="7.535"/>
  <testcase classname="testng.tests.ParallelExecution" name="internet" time="5.967"/>
  <testcase classname="testng.tests.ParallelExecution" name="internet1" time="5.664"/>
  <testcase classname="testng.tests.SoftAssertExample" name="method1" time="0.086">
    <failure type="java.lang.AssertionError" message="The following asserts failed:
	expected [5] but found [3]">
      <![CDATA[java.lang.AssertionError: The following asserts failed:
expected [5] but found [3]
at testng.tests.SoftAssertExample.method1(SoftAssertExample.java:17)
at java.base/java.util.ArrayList.forEach(ArrayList.java:1511)
... Removed 29 stack frames]]>
    </failure>
  </testcase> <!-- method1 -->
  <testcase classname="testng.tests.secondTest" name="method2" time="0.001"/>
  <testcase classname="testng.tests.thirdTests" name="method3" time="0.001">
    <failure type="java.lang.ArithmeticException" message="/ by zero">
      <![CDATA[java.lang.ArithmeticException: / by zero
at testng.tests.thirdTests.method3(thirdTests.java:33)
at java.base/java.util.ArrayList.forEach(ArrayList.java:1511)
... Removed 27 stack frames]]>
    </failure>
  </testcase> <!-- method3 -->
  <testcase classname="testng.tests.HelperAttributes" name="sum" time="0.001"/>
  <testcase classname="testng.tests.HelperAttributes" name="testThree" time="0.002"/>
  <testcase classname="testng.tests.HelperAttributes" name="testOne" time="0.001"/>
  <testcase classname="testng.tests.HelperAttributes" name="testinvo" time="0.001"/>
  <testcase classname="testng.tests.HelperAttributes" name="testinvo" time="0.001"/>
  <testcase classname="testng.tests.HelperAttributes" name="testinvo" time="0.002"/>
  <testcase classname="testng.tests.firstTest" name="update" time="0.002"/>
  <testcase classname="testng.tests.HelperAttributes" name="update" time="0.0"/>
  <testcase classname="testng.tests.firstTest" name="webAdd" time="0.001"/>
  <testcase classname="testng.tests.firstTest" name="webFilter" time="0.001"/>
  <testcase classname="testng.tests.firstTest" name="webLogin" time="0.001"/>
  <testcase classname="testng.tests.HelperAttributes" name="login" time="0.0"/>
  <testcase classname="testng.tests.HelperAttributes" name="create" time="0.004"/>
  <testcase classname="testng.tests.DependencyTest" name="add" time="0.0">
    <ignored/>
  </testcase> <!-- add -->
  <testcase classname="testng.tests.DependencyTest" name="update" time="0.0">
    <ignored/>
  </testcase> <!-- update -->
  <testcase classname="testng.tests.DependencyTest" name="dependMethod" time="0.0">
    <ignored/>
  </testcase> <!-- dependMethod -->
</testsuite> <!-- firstSet -->
